<?xml version="1.0" encoding="UTF-8"?>
<!-- Generated by org.testng.reporters.JUnitReportReporter -->
<testsuite hostname="VAIO" name="com.actitime.scripts.LoginTest" tests="1" failures="0" timestamp="18 Feb 2018 07:12:52 GMT" time="10.573" errors="0">
  <testcase name="InvalidLogin" time="10.573" classname="com.actitime.scripts.LoginTest"/>
</testsuite> <!-- com.actitime.scripts.LoginTest -->
